<?xml version="1.0" encoding="UTF-8"?>
<testng-results ignored="0" total="1" passed="1" failed="0" skipped="0">
  <reporter-output>
  </reporter-output>
  <suite started-at="2023-04-20T16:50:26 IST" name="Default suite" finished-at="2023-04-20T16:51:19 IST" duration-ms="53388">
    <groups>
    </groups>
    <test started-at="2023-04-20T16:50:26 IST" name="Default test" finished-at="2023-04-20T16:51:19 IST" duration-ms="53388">
      <class name="videoupload.VideoUpload">
        <test-method is-config="true" signature="beforetest()[pri:0, instance:videoupload.VideoUpload@2b6faea6]" started-at="2023-04-20T16:50:26 IST" name="beforetest" finished-at="2023-04-20T16:50:38 IST" duration-ms="12566" status="PASS">
          <reporter-output>
          </reporter-output>
        </test-method> <!-- beforetest -->
        <test-method signature="VideoUpload1()[pri:0, instance:videoupload.VideoUpload@2b6faea6]" started-at="2023-04-20T16:50:38 IST" name="VideoUpload1" finished-at="2023-04-20T16:51:16 IST" duration-ms="38043" status="PASS">
          <reporter-output>
          </reporter-output>
        </test-method> <!-- VideoUpload1 -->
        <test-method is-config="true" signature="teardown()[pri:0, instance:videoupload.VideoUpload@2b6faea6]" started-at="2023-04-20T16:51:16 IST" name="teardown" finished-at="2023-04-20T16:51:19 IST" duration-ms="2715" status="PASS">
          <reporter-output>
          </reporter-output>
        </test-method> <!-- teardown -->
      </class> <!-- videoupload.VideoUpload -->
    </test> <!-- Default test -->
  </suite> <!-- Default suite -->
</testng-results>
