<?xml version="1.0" encoding="UTF-8"?>
<testng-results ignored="0" total="1" passed="1" failed="0" skipped="0">
  <reporter-output>
  </reporter-output>
  <suite started-at="2023-04-17T21:40:56 IST" name="Default suite" finished-at="2023-04-17T21:41:09 IST" duration-ms="13361">
    <groups>
    </groups>
    <test started-at="2023-04-17T21:40:56 IST" name="Default test" finished-at="2023-04-17T21:41:09 IST" duration-ms="13361">
      <class name="com.test.Login">
        <test-method is-config="true" signature="setup()[pri:0, instance:com.test.Login@75329a49]" started-at="2023-04-17T21:40:56 IST" name="setup" finished-at="2023-04-17T21:41:04 IST" duration-ms="8553" status="PASS">
          <reporter-output>
          </reporter-output>
        </test-method> <!-- setup -->
        <test-method signature="login()[pri:0, instance:com.test.Login@75329a49]" started-at="2023-04-17T21:41:04 IST" name="login" finished-at="2023-04-17T21:41:08 IST" duration-ms="3914" status="PASS">
          <reporter-output>
          </reporter-output>
        </test-method> <!-- login -->
        <test-method is-config="true" signature="teardown()[pri:0, instance:com.test.Login@75329a49]" started-at="2023-04-17T21:41:08 IST" name="teardown" finished-at="2023-04-17T21:41:09 IST" duration-ms="801" status="PASS">
          <reporter-output>
          </reporter-output>
        </test-method> <!-- teardown -->
      </class> <!-- com.test.Login -->
    </test> <!-- Default test -->
  </suite> <!-- Default suite -->
</testng-results>
